2015-03-05 17:40:54,093 - Log4JLogChute initialized using file 'velocity.log'
2015-03-05 17:40:54,093 - Velocity was not initialized! Calling init()...
2015-03-05 17:40:54,093 - Starting Apache Velocity v1.5 (compiled: 2007-02-22 08:52:29)
2015-03-05 17:40:54,093 - Default Properties File: org/apache/velocity/runtime/defaults/velocity.properties
2015-03-05 17:40:54,093 - Trying to use logger class org.apache.velocity.runtime.log.AvalonLogChute
2015-03-05 17:40:54,094 - Couldn't find class org.apache.velocity.runtime.log.AvalonLogChute or necessary supporting classes in classpath.
java.lang.NoClassDefFoundError: org/apache/log/format/Formatter
	at java.lang.Class.forName0(Native Method)
	at java.lang.Class.forName(Class.java:270)
	at org.apache.velocity.util.ClassUtils.getClass(ClassUtils.java:63)
	at org.apache.velocity.util.ClassUtils.getNewInstance(ClassUtils.java:95)
	at org.apache.velocity.runtime.log.LogManager.createLogChute(LogManager.java:147)
	at org.apache.velocity.runtime.log.LogManager.updateLog(LogManager.java:208)
	at org.apache.velocity.runtime.RuntimeInstance.initializeLog(RuntimeInstance.java:728)
	at org.apache.velocity.runtime.RuntimeInstance.init(RuntimeInstance.java:240)
	at org.apache.velocity.runtime.RuntimeInstance.parse(RuntimeInstance.java:993)
	at org.apache.velocity.runtime.RuntimeInstance.parse(RuntimeInstance.java:972)
	at org.apache.velocity.runtime.RuntimeSingleton.parse(RuntimeSingleton.java:265)
	at org.apache.velocity.app.Velocity.evaluate(Velocity.java:274)
	at org.sonatype.mavenbook.weather.WeatherFormatter.format(WeatherFormatter.java:21)
	at org.sonatype.mavenbook.weather.yahoo.WeatherFormatterTest.testFormat(WeatherFormatterTest.java:23)
	at sun.reflect.NativeMethodAccessorImpl.invoke0(Native Method)
	at sun.reflect.NativeMethodAccessorImpl.invoke(NativeMethodAccessorImpl.java:57)
	at sun.reflect.DelegatingMethodAccessorImpl.invoke(DelegatingMethodAccessorImpl.java:43)
	at java.lang.reflect.Method.invoke(Method.java:606)
	at junit.framework.TestCase.runTest(TestCase.java:154)
	at junit.framework.TestCase.runBare(TestCase.java:127)
	at junit.framework.TestResult$1.protect(TestResult.java:106)
	at junit.framework.TestResult.runProtected(TestResult.java:124)
	at junit.framework.TestResult.run(TestResult.java:109)
	at junit.framework.TestCase.run(TestCase.java:118)
	at junit.framework.TestSuite.runTest(TestSuite.java:208)
	at junit.framework.TestSuite.run(TestSuite.java:203)
	at sun.reflect.NativeMethodAccessorImpl.invoke0(Native Method)
	at sun.reflect.NativeMethodAccessorImpl.invoke(NativeMethodAccessorImpl.java:57)
	at sun.reflect.DelegatingMethodAccessorImpl.invoke(DelegatingMethodAccessorImpl.java:43)
	at java.lang.reflect.Method.invoke(Method.java:606)
	at org.apache.maven.surefire.junit.JUnitTestSet.execute(JUnitTestSet.java:96)
	at org.apache.maven.surefire.junit.JUnit3Provider.executeTestSet(JUnit3Provider.java:117)
	at org.apache.maven.surefire.junit.JUnit3Provider.invoke(JUnit3Provider.java:94)
	at sun.reflect.NativeMethodAccessorImpl.invoke0(Native Method)
	at sun.reflect.NativeMethodAccessorImpl.invoke(NativeMethodAccessorImpl.java:57)
	at sun.reflect.DelegatingMethodAccessorImpl.invoke(DelegatingMethodAccessorImpl.java:43)
	at java.lang.reflect.Method.invoke(Method.java:606)
	at org.apache.maven.surefire.util.ReflectionUtils.invokeMethodWithArray(ReflectionUtils.java:164)
	at org.apache.maven.surefire.booter.ProviderFactory$ProviderProxy.invoke(ProviderFactory.java:110)
	at org.apache.maven.surefire.booter.SurefireStarter.invokeProvider(SurefireStarter.java:175)
	at org.apache.maven.surefire.booter.SurefireStarter.runSuitesInProcessWhenForked(SurefireStarter.java:107)
	at org.apache.maven.surefire.booter.ForkedBooter.main(ForkedBooter.java:68)
Caused by: java.lang.ClassNotFoundException: org.apache.log.format.Formatter
	at java.net.URLClassLoader$1.run(URLClassLoader.java:366)
	at java.net.URLClassLoader$1.run(URLClassLoader.java:355)
	at java.security.AccessController.doPrivileged(Native Method)
	at java.net.URLClassLoader.findClass(URLClassLoader.java:354)
	at java.lang.ClassLoader.loadClass(ClassLoader.java:425)
	at sun.misc.Launcher$AppClassLoader.loadClass(Launcher.java:308)
	at java.lang.ClassLoader.loadClass(ClassLoader.java:358)
	... 42 more
2015-03-05 17:40:54,095 - Trying to use logger class org.apache.velocity.runtime.log.Log4JLogChute
2015-03-05 17:40:54,095 - Using logger class org.apache.velocity.runtime.log.Log4JLogChute
2015-03-05 17:40:54,096 - Default ResourceManager initializing. (class org.apache.velocity.runtime.resource.ResourceManagerImpl)
2015-03-05 17:40:54,097 - ResourceLoader instantiated: org.apache.velocity.runtime.resource.loader.FileResourceLoader
2015-03-05 17:40:54,098 - Do unicode file recognition:  false
2015-03-05 17:40:54,098 - FileResourceLoader : adding path '.'
2015-03-05 17:40:54,104 - ResourceCache: initialized (class org.apache.velocity.runtime.resource.ResourceCacheImpl)
2015-03-05 17:40:54,105 - Loaded System Directive: org.apache.velocity.runtime.directive.Literal
2015-03-05 17:40:54,105 - Loaded System Directive: org.apache.velocity.runtime.directive.Macro
2015-03-05 17:40:54,106 - Loaded System Directive: org.apache.velocity.runtime.directive.Parse
2015-03-05 17:40:54,107 - Loaded System Directive: org.apache.velocity.runtime.directive.Include
2015-03-05 17:40:54,107 - Loaded System Directive: org.apache.velocity.runtime.directive.Foreach
2015-03-05 17:40:54,121 - Created '20' parsers.
2015-03-05 17:40:54,125 - Velocimacro : "velocimacro.library" is not set.  Trying default library: VM_global_library.vm
2015-03-05 17:40:54,125 - Velocimacro : Default library not found.
2015-03-05 17:40:54,125 - Velocimacro : allowInline = true : VMs can be defined inline in templates
2015-03-05 17:40:54,125 - Velocimacro : allowInlineToOverride = false : VMs defined inline may NOT replace previous VM definitions
2015-03-05 17:40:54,125 - Velocimacro : allowInlineLocal = false : VMs defined inline will be global in scope if allowed.
2015-03-05 17:40:54,125 - Velocimacro : autoload off : VM system will not automatically reload global library macros
2015-03-06 12:46:51,308 - Log4JLogChute initialized using file 'velocity.log'
2015-03-06 12:46:51,308 - Velocity was not initialized! Calling init()...
2015-03-06 12:46:51,308 - Starting Apache Velocity v1.5 (compiled: 2007-02-22 08:52:29)
2015-03-06 12:46:51,308 - Default Properties File: org/apache/velocity/runtime/defaults/velocity.properties
2015-03-06 12:46:51,308 - Trying to use logger class org.apache.velocity.runtime.log.AvalonLogChute
2015-03-06 12:46:51,309 - Couldn't find class org.apache.velocity.runtime.log.AvalonLogChute or necessary supporting classes in classpath.
java.lang.NoClassDefFoundError: org/apache/log/format/Formatter
	at java.lang.Class.forName0(Native Method)
	at java.lang.Class.forName(Class.java:270)
	at org.apache.velocity.util.ClassUtils.getClass(ClassUtils.java:63)
	at org.apache.velocity.util.ClassUtils.getNewInstance(ClassUtils.java:95)
	at org.apache.velocity.runtime.log.LogManager.createLogChute(LogManager.java:147)
	at org.apache.velocity.runtime.log.LogManager.updateLog(LogManager.java:208)
	at org.apache.velocity.runtime.RuntimeInstance.initializeLog(RuntimeInstance.java:728)
	at org.apache.velocity.runtime.RuntimeInstance.init(RuntimeInstance.java:240)
	at org.apache.velocity.runtime.RuntimeInstance.parse(RuntimeInstance.java:993)
	at org.apache.velocity.runtime.RuntimeInstance.parse(RuntimeInstance.java:972)
	at org.apache.velocity.runtime.RuntimeSingleton.parse(RuntimeSingleton.java:265)
	at org.apache.velocity.app.Velocity.evaluate(Velocity.java:274)
	at org.nita.cipher.weather.WeatherFormatter.format(WeatherFormatter.java:21)
	at org.nita.cipher.weather.Main.start(Main.java:38)
	at org.nita.cipher.weather.Main.main(Main.java:21)
	at sun.reflect.NativeMethodAccessorImpl.invoke0(Native Method)
	at sun.reflect.NativeMethodAccessorImpl.invoke(NativeMethodAccessorImpl.java:57)
	at sun.reflect.DelegatingMethodAccessorImpl.invoke(DelegatingMethodAccessorImpl.java:43)
	at java.lang.reflect.Method.invoke(Method.java:606)
	at org.codehaus.mojo.exec.ExecJavaMojo$1.run(ExecJavaMojo.java:293)
	at java.lang.Thread.run(Thread.java:745)
Caused by: java.lang.ClassNotFoundException: org.apache.log.format.Formatter
	at java.net.URLClassLoader$1.run(URLClassLoader.java:366)
	at java.net.URLClassLoader$1.run(URLClassLoader.java:355)
	at java.security.AccessController.doPrivileged(Native Method)
	at java.net.URLClassLoader.findClass(URLClassLoader.java:354)
	at java.lang.ClassLoader.loadClass(ClassLoader.java:425)
	at java.lang.ClassLoader.loadClass(ClassLoader.java:358)
	... 21 more
2015-03-06 12:46:51,310 - Trying to use logger class org.apache.velocity.runtime.log.Log4JLogChute
2015-03-06 12:46:51,310 - Using logger class org.apache.velocity.runtime.log.Log4JLogChute
2015-03-06 12:46:51,310 - Default ResourceManager initializing. (class org.apache.velocity.runtime.resource.ResourceManagerImpl)
2015-03-06 12:46:51,312 - ResourceLoader instantiated: org.apache.velocity.runtime.resource.loader.FileResourceLoader
2015-03-06 12:46:51,312 - Do unicode file recognition:  false
2015-03-06 12:46:51,312 - FileResourceLoader : adding path '.'
2015-03-06 12:46:51,318 - ResourceCache: initialized (class org.apache.velocity.runtime.resource.ResourceCacheImpl)
2015-03-06 12:46:51,319 - Loaded System Directive: org.apache.velocity.runtime.directive.Literal
2015-03-06 12:46:51,320 - Loaded System Directive: org.apache.velocity.runtime.directive.Macro
2015-03-06 12:46:51,321 - Loaded System Directive: org.apache.velocity.runtime.directive.Parse
2015-03-06 12:46:51,322 - Loaded System Directive: org.apache.velocity.runtime.directive.Include
2015-03-06 12:46:51,323 - Loaded System Directive: org.apache.velocity.runtime.directive.Foreach
2015-03-06 12:46:51,338 - Created '20' parsers.
2015-03-06 12:46:51,342 - Velocimacro : "velocimacro.library" is not set.  Trying default library: VM_global_library.vm
2015-03-06 12:46:51,342 - Velocimacro : Default library not found.
2015-03-06 12:46:51,342 - Velocimacro : allowInline = true : VMs can be defined inline in templates
2015-03-06 12:46:51,342 - Velocimacro : allowInlineToOverride = false : VMs defined inline may NOT replace previous VM definitions
2015-03-06 12:46:51,342 - Velocimacro : allowInlineLocal = false : VMs defined inline will be global in scope if allowed.
2015-03-06 12:46:51,342 - Velocimacro : autoload off : VM system will not automatically reload global library macros
